\BOOKMARK [0][-]{chapter*.2}{Sequences}{}% 1
\BOOKMARK [1][-]{section.0.1}{Squeeze Theorem}{chapter*.2}% 2
\BOOKMARK [1][-]{section.0.2}{Convergence implies boundedness of the sequence}{chapter*.2}% 3
\BOOKMARK [1][-]{section.0.3}{Convergence of a bounded, monotone sequence}{chapter*.2}% 4
\BOOKMARK [1][-]{section.0.4}{Every sequence has a monotone subsequence.}{chapter*.2}% 5
\BOOKMARK [1][-]{section.0.5}{The Bolzano-Weierstrass theorem.}{chapter*.2}% 6
\BOOKMARK [0][-]{chapter*.3}{Limits}{}% 7
\BOOKMARK [1][-]{section.1.6}{Algebraic properties of limits}{chapter*.3}% 8
\BOOKMARK [0][-]{chapter*.7}{Derivatives}{}% 9
\BOOKMARK [1][-]{section.2.7}{Differentiability implies continuity}{chapter*.7}% 10
\BOOKMARK [1][-]{section.2.8}{Algebraic properties of derivatives.}{chapter*.7}% 11
\BOOKMARK [1][-]{section.2.9}{Rolle's theorem}{chapter*.7}% 12
\BOOKMARK [1][-]{section.2.10}{Mean value theorem}{chapter*.7}% 13
\BOOKMARK [1][-]{section.2.11}{Vanishing derivative implies constant function}{chapter*.7}% 14
\BOOKMARK [0][-]{chapter*.11}{Continuity}{}% 15
\BOOKMARK [1][-]{section.3.12}{Continuity on a closed, bounded, interval implies uniform continuity}{chapter*.11}% 16
\BOOKMARK [0][-]{chapter*.12}{Integration}{}% 17
\BOOKMARK [1][-]{section.4.13}{Integrability condition}{chapter*.12}% 18
\BOOKMARK [1][-]{section.4.14}{A function with finitely many discontinuities is integrable}{chapter*.12}% 19
\BOOKMARK [1][-]{section.4.15}{Monotonicity implies integrability}{chapter*.12}% 20
\BOOKMARK [1][-]{section.4.16}{Mean value theorem for integrals}{chapter*.12}% 21
\BOOKMARK [1][-]{section.4.17}{Integrability implies continuity of the integral}{chapter*.12}% 22
\BOOKMARK [1][-]{section.4.18}{Fundamental theorem of calculus}{chapter*.12}% 23
\BOOKMARK [1][-]{section.4.19}{Definite integral substitution}{chapter*.12}% 24
\BOOKMARK [1][-]{section.4.20}{Integration by parts}{chapter*.12}% 25
\BOOKMARK [0][-]{chapter*.13}{Series}{}% 26
\BOOKMARK [1][-]{section.5.21}{Integral test}{chapter*.13}% 27
\BOOKMARK [1][-]{section.5.22}{Limit comparison test}{chapter*.13}% 28
\BOOKMARK [1][-]{section.5.23}{Ratio test}{chapter*.13}% 29
\BOOKMARK [1][-]{section.5.24}{Leibniz test}{chapter*.13}% 30
\BOOKMARK [1][-]{section.5.25}{Absolute convergence implies convergence}{chapter*.13}% 31
\BOOKMARK [0][-]{chapter*.16}{Maclaurin series}{}% 32
\BOOKMARK [1][-]{section.6.26}{Maclaurin series of common functions}{chapter*.16}% 33
\BOOKMARK [0][-]{chapter*.21}{Matricies}{}% 34
\BOOKMARK [1][-]{section.7.27}{Solutions of an inhomogeneous system in terms of the associated homogeneous system}{chapter*.21}% 35
\BOOKMARK [1][-]{section.7.28}{A matrix's invertibility and its nullspace}{chapter*.21}% 36
\BOOKMARK [1][-]{section.7.29}{Linearity of the determinant}{chapter*.21}% 37
\BOOKMARK [1][-]{section.7.30}{The invertibility of a matrix and its determinant.}{chapter*.21}% 38
\BOOKMARK [0][-]{chapter*.22}{Appendix}{}% 39
\BOOKMARK [1][-]{section.8.31}{Cauchy Criterion}{chapter*.22}% 40
